<?xml version="1.0" encoding="UTF-8"?>
<!-- Generated by org.testng.reporters.JUnitReportReporter -->
<testsuite hostname="C02NG2TPG3QT" name="com.openLib.RestAssured.Assignment_Restassured" tests="19" failures="0" timestamp="6 Aug 2016 22:54:53 GMT" time="10.732" errors="0">
  <testcase name="retrieveOAuthToken" time="1.589" classname="com.openLib.RestAssured.Assignment_Restassured"/>
  <testcase name="checkResponseContentTypeJson" time="0.219" classname="com.openLib.RestAssured.Assignment_Restassured"/>
  <testcase name="checkauthours" time="0.265" classname="com.openLib.RestAssured.Assignment_Restassured"/>
  <testcase name="validatenotes" time="0.279" classname="com.openLib.RestAssured.Assignment_Restassured"/>
  <testcase name="checkTheSecondCommentOf2014WasAtAlbertPark" time="0.262" classname="com.openLib.RestAssured.Assignment_Restassured"/>
  <testcase name="useBasicAuthentication" time="0.812" classname="com.openLib.RestAssured.Assignment_Restassured"/>
  <testcase name="getRdfAndCheck" time="0.850" classname="com.openLib.RestAssured.Assignment_Restassured"/>
  <testcase name="cookiesSupportEqualCharacterInCookieValue" time="1.002" classname="com.openLib.RestAssured.Assignment_Restassured"/>
  <testcase name="checkSizeofentriesResponse" time="0.839" classname="com.openLib.RestAssured.Assignment_Restassured"/>
  <testcase name="checkResponseContectTypeRDF" time="1.032" classname="com.openLib.RestAssured.Assignment_Restassured"/>
  <testcase name="retriveTitleandValidatefromResponse" time="0.401" classname="com.openLib.RestAssured.Assignment_Restassured"/>
  <testcase name="whenExpectationsDefinedThenAsStringReturnsCanReturnTheResponseBody" time="0.240" classname="com.openLib.RestAssured.Assignment_Restassured"/>
  <testcase name="checkNumberofauthors" time="0.006" classname="com.openLib.RestAssured.Assignment_Restassured"/>
  <testcase name="useMultiplePathParameters" time="0.255" classname="com.openLib.RestAssured.Assignment_Restassured"/>
  <testcase name="useSinglePathParameter" time="0.281" classname="com.openLib.RestAssured.Assignment_Restassured"/>
  <testcase name="callbackOpenLib" time="1.519" classname="com.openLib.RestAssured.Assignment_Restassured"/>
  <testcase name="checkTheaurthor" time="0.294" classname="com.openLib.RestAssured.Assignment_Restassured"/>
  <testcase name="checkResponseCodeForIncorrectRequest" time="0.340" classname="com.openLib.RestAssured.Assignment_Restassured"/>
  <testcase name="checkResponseCodeForCorrectRequest" time="0.247" classname="com.openLib.RestAssured.Assignment_Restassured"/>
</testsuite> <!-- com.openLib.RestAssured.Assignment_Restassured -->
